16
N 1 13 27 32 36 46 96 98 103 109 124 128 138 162 175 191
8
N 10 31 41 48 94 100 185 200
9
N 10 23 26 46 71 79 86 107 120
12
N 13 23 24 43 79 85 136 155 159 183 184 189
12
N 13 23 24 43 79 85 136 155 159 183 184 189
17
N 11 29 84 112 116 130 165 174 264 276 300 323 348 349 368 373 374
17
N 11 29 84 112 116 130 165 174 264 276 300 323 348 349 368 373 374
16
N 30 65 71 91 97 118 153 166 172 180 248 263 268 337 356 387
16
N 30 65 71 91 97 118 153 166 172 180 248 263 268 337 356 387
16
N 18 84 102 133 250 312 321 323 368 444 478 508 537 589 753 754
16
N 18 84 102 133 250 312 321 323 368 444 478 508 537 589 753 754
13
N 28 98 168 188 194 345 595 647 698 711 733 741 792
