4
N 27 49 60 274
12
N 8 41 43 68 79 89 94 119 237 251 262 268
26
N 8 18 19 21 26 40 48 49 50 54 59 75 87 107 136 139 153 156 165 172 179 221 226 239 283 290
5
N 167 178 342 385 488
13
N 3 47 55 69 194 204 248 297 380 416 488 489 500
24
N 24 69 90 97 132 137 150 162 187 238 247 271 282 302 323 329 336 342 348 383 418 433 488 489
7
N 106 107 176 301 379 442 476
17
N 15 17 106 152 239 254 354 385 468 494 495 583 585 622 632 647 654
30
N 8 12 25 47 69 89 98 118 234 297 348 361 406 407 442 476 494 496 505 522 579 600 638 652 658 661 667 678 683 689
7
N 35 133 161 170 210 396 825
11
N 38 77 121 218 341 409 684 740 851 949 969
31
N 27 33 38 122 128 142 179 198 199 248 281 298 313 328 361 418 478 492 536 543 563 639 685 760 763 811 862 910 911 922 927
