15
N 9 16 52 63 71 76 80 115 136 138 145 162 174 184 187
12
N 1 39 57 85 97 124 129 133 139 156 160 187
46
N 1 2 5 7 8 22 23 26 30 32 39 53 54 56 58 59 60 62 63 68 69 80 85 91 92 93 94 104 109 119 120 129 134 135 142 151 155 159 160 171 173 189 191 192 196 200
35
N 12 23 24 26 30 33 37 38 46 49 52 58 59 76 80 83 88 92 94 97 98 99 107 115 122 124 136 159 163 166 170 173 186 188 195
29
N 11 15 25 34 37 40 55 64 71 74 84 85 87 88 89 96 106 108 110 129 135 136 138 139 161 162 171 183 193
7
N 21 51 111 154 163 237 275
21
N 25 73 90 106 121 154 184 219 225 233 255 263 273 306 313 317 318 321 345 368 387
15
N 18 39 52 93 100 129 136 156 257 262 264 285 327 349 392
12
N 42 45 74 110 119 176 230 290 349 365 370 380
51
N 8 15 16 29 44 55 63 64 69 72 79 83 92 99 103 117 125 156 157 159 165 179 185 203 206 208 218 221 229 238 260 266 267 271 282 299 304 305 309 310 322 325 347 350 354 357 365 384 387 393 395
